<?xml version="1.0" encoding="UTF-8"?>
<!-- Generated by org.testng.reporters.JUnitXMLReporter -->
<testsuite ignored="0" hostname="khadija" failures="0" tests="25" name="Test" time="1.213" errors="0" timestamp="2023-06-15T14:55:52 IST">
  <testcase classname="test_case.SimpleTestCase" name="@BeforeTest startup" time="1.146">
    <failure type="org.openqa.selenium.SessionNotCreatedException" message="Could not start a new session. Response code 500. Message: session not created: This version of ChromeDriver only supports Chrome version 111
Current browser version is 113.0.5672.127 with binary path C:\Program Files\Google\Chrome\Application\chrome.exe 
Host info: host: &amp;apos;KHADIJA&amp;apos;, ip: &amp;apos;192.168.1.5&amp;apos;
Build info: version: &amp;apos;4.8.3&amp;apos;, revision: &amp;apos;e5e76298c3&amp;apos;
System info: os.name: &amp;apos;Windows 11&amp;apos;, os.arch: &amp;apos;amd64&amp;apos;, os.version: &amp;apos;10.0&amp;apos;, java.version: &amp;apos;11.0.16.1&amp;apos;
Driver info: org.openqa.selenium.chrome.ChromeDriver
Command: [null, newSession {capabilities=[Capabilities {browserName: chrome, goog:chromeOptions: {args: [--remote-allow-origins=*], extensions: []}}], desiredCapabilities=Capabilities {browserName: chrome, goog:chromeOptions: {args: [--remote-allow-origins=*], extensions: []}}}]">
      <![CDATA[org.openqa.selenium.SessionNotCreatedException: Could not start a new session. Response code 500. Message: session not created: This version of ChromeDriver only supports Chrome version 111
Current browser version is 113.0.5672.127 with binary path C:\Program Files\Google\Chrome\Application\chrome.exe 
Host info: host: 'KHADIJA', ip: '192.168.1.5'
Build info: version: '4.8.3', revision: 'e5e76298c3'
System info: os.name: 'Windows 11', os.arch: 'amd64', os.version: '10.0', java.version: '11.0.16.1'
Driver info: org.openqa.selenium.chrome.ChromeDriver
Command: [null, newSession {capabilities=[Capabilities {browserName: chrome, goog:chromeOptions: {args: [--remote-allow-origins=*], extensions: []}}], desiredCapabilities=Capabilities {browserName: chrome, goog:chromeOptions: {args: [--remote-allow-origins=*], extensions: []}}}]
at org.openqa.selenium.remote.ProtocolHandshake.createSession(ProtocolHandshake.java:148)
at org.openqa.selenium.remote.ProtocolHandshake.createSession(ProtocolHandshake.java:106)
at org.openqa.selenium.remote.ProtocolHandshake.createSession(ProtocolHandshake.java:67)
at org.openqa.selenium.remote.HttpCommandExecutor.execute(HttpCommandExecutor.java:165)
at org.openqa.selenium.remote.service.DriverCommandExecutor.invokeExecute(DriverCommandExecutor.java:183)
at org.openqa.selenium.remote.service.DriverCommandExecutor.execute(DriverCommandExecutor.java:158)
at org.openqa.selenium.remote.RemoteWebDriver.execute(RemoteWebDriver.java:543)
at org.openqa.selenium.remote.RemoteWebDriver.startSession(RemoteWebDriver.java:229)
at org.openqa.selenium.remote.RemoteWebDriver.<init>(RemoteWebDriver.java:157)
at org.openqa.selenium.chromium.ChromiumDriver.<init>(ChromiumDriver.java:101)
at org.openqa.selenium.chrome.ChromeDriver.<init>(ChromeDriver.java:88)
at org.openqa.selenium.chrome.ChromeDriver.<init>(ChromeDriver.java:84)
at org.openqa.selenium.chrome.ChromeDriver.<init>(ChromeDriver.java:52)
at controls.CommonMethods.getDriver(CommonMethods.java:14)
at test_case.SimpleTestCase.startup(SimpleTestCase.java:15)
... Removed 24 stack frames]]>
    </failure>
  </testcase> <!-- @BeforeTest startup -->
  <testcase classname="testng.TestNG_Example_Annotations" name="@BeforeTest beforeTest" time="-1.686821151986E9">
    <skipped/>
  </testcase> <!-- @BeforeTest beforeTest -->
  <testcase classname="test_case.TestNGExample" name="@BeforeClass beforeClass" time="-1.686821151999E9">
    <skipped/>
  </testcase> <!-- @BeforeClass beforeClass -->
  <testcase classname="test_case.TestNGExample" name="@BeforeMethod beforeMethod" time="-1.68682115201E9">
    <skipped/>
  </testcase> <!-- @BeforeMethod beforeMethod -->
  <testcase classname="test_case.TestNGExample" name="@AfterMethod afterMethod" time="-1.686821152014E9">
    <skipped/>
  </testcase> <!-- @AfterMethod afterMethod -->
  <testcase classname="test_case.TestNGExample" name="@BeforeMethod beforeMethod" time="-1.686821152019E9">
    <skipped/>
  </testcase> <!-- @BeforeMethod beforeMethod -->
  <testcase classname="test_case.TestNGExample" name="@AfterMethod afterMethod" time="-1.686821152023E9">
    <skipped/>
  </testcase> <!-- @AfterMethod afterMethod -->
  <testcase classname="test_case.TestNGExample" name="@BeforeMethod beforeMethod" time="-1.686821152024E9">
    <skipped/>
  </testcase> <!-- @BeforeMethod beforeMethod -->
  <testcase classname="test_case.TestNGExample" name="@AfterMethod afterMethod" time="-1.686821152027E9">
    <skipped/>
  </testcase> <!-- @AfterMethod afterMethod -->
  <testcase classname="test_case.TestNGExample" name="@BeforeMethod beforeMethod" time="-1.686821152028E9">
    <skipped/>
  </testcase> <!-- @BeforeMethod beforeMethod -->
  <testcase classname="test_case.TestNGExample" name="@BeforeMethod beforeMethod" time="-1.686821152028E9">
    <skipped/>
  </testcase> <!-- @BeforeMethod beforeMethod -->
  <testcase classname="test_case.TestNGExample" name="@AfterMethod afterMethod" time="-1.68682115203E9">
    <skipped/>
  </testcase> <!-- @AfterMethod afterMethod -->
  <testcase classname="test_case.TestNGExample" name="@AfterMethod afterMethod" time="-1.68682115203E9">
    <skipped/>
  </testcase> <!-- @AfterMethod afterMethod -->
  <testcase classname="test_case.TestNGExample" name="@AfterClass afterClass" time="-1.686821152031E9">
    <skipped/>
  </testcase> <!-- @AfterClass afterClass -->
  <testcase classname="testng.OnLineRetailsApps" name="@BeforeClass setup" time="-1.686821152032E9">
    <skipped/>
  </testcase> <!-- @BeforeClass setup -->
  <testcase classname="testng.TestNG_Example_Annotations" name="@BeforeClass beforeClass" time="-1.686821152037E9">
    <skipped/>
  </testcase> <!-- @BeforeClass beforeClass -->
  <testcase classname="testng.TestNG_Example_Annotations" name="@BeforeMethod beforeMethod" time="-1.686821152038E9">
    <skipped/>
  </testcase> <!-- @BeforeMethod beforeMethod -->
  <testcase classname="testng.TestNG_Example_Annotations" name="@BeforeMethod beforeMethod" time="-1.686821152039E9">
    <skipped/>
  </testcase> <!-- @BeforeMethod beforeMethod -->
  <testcase classname="testng.TestNG_Example_Annotations" name="@AfterMethod afterMethod" time="-1.686821152039E9">
    <skipped/>
  </testcase> <!-- @AfterMethod afterMethod -->
  <testcase classname="testng.TestNG_Example_Annotations" name="@AfterMethod afterMethod" time="-1.686821152042E9">
    <skipped/>
  </testcase> <!-- @AfterMethod afterMethod -->
  <testcase classname="testng.TestNG_Example_Annotations" name="@AfterClass afterClass" time="-1.686821152042E9">
    <skipped/>
  </testcase> <!-- @AfterClass afterClass -->
  <testcase classname="test_case.SimpleTestCase" name="@AfterTest quit" time="-1.686821152044E9">
    <skipped/>
  </testcase> <!-- @AfterTest quit -->
  <testcase classname="testng.TestNG_Example_Annotations" name="@AfterTest afterTest" time="-1.686821152045E9">
    <skipped/>
  </testcase> <!-- @AfterTest afterTest -->
  <testcase classname="testng.Depends_Group_TestNG_Example" name="ComposeMail" time="0.0">
    <skipped/>
  </testcase> <!-- ComposeMail -->
  <testcase classname="test_case.TestNGExample" name="Dashboard" time="0.0">
    <skipped/>
  </testcase> <!-- Dashboard -->
  <testcase classname="testng.Depends_Group_TestNG_Example" name="DeleteMail" time="0.0">
    <skipped/>
  </testcase> <!-- DeleteMail -->
  <testcase classname="testng.Depends_Group_TestNG_Example" name="FeedBacckMail" time="0.0">
    <skipped/>
  </testcase> <!-- FeedBacckMail -->
  <testcase classname="testng.Thread_Count_Example" name="Login_Test" time="0.0">
    <skipped/>
  </testcase> <!-- Login_Test -->
  <testcase classname="testng.Thread_Count_Example" name="Login_Test_Not_run" time="0.0">
    <skipped/>
  </testcase> <!-- Login_Test_Not_run -->
  <testcase classname="testng.Thread_Count_Example" name="Login_Test" time="0.0">
    <skipped/>
  </testcase> <!-- Login_Test -->
  <testcase classname="test_case.TestNGExample" name="Method1" time="0.0">
    <skipped/>
  </testcase> <!-- Method1 -->
  <testcase classname="testng.Thread_Count_Example" name="Login_Test" time="0.0">
    <skipped/>
  </testcase> <!-- Login_Test -->
  <testcase classname="testng.Thread_Count_Example" name="Login_Test" time="0.0">
    <skipped/>
  </testcase> <!-- Login_Test -->
  <testcase classname="test_case.TestNGExample" name="Method1" time="0.0">
    <skipped/>
  </testcase> <!-- Method1 -->
  <testcase classname="testng.Thread_Count_Example" name="Login_Test" time="0.0">
    <skipped/>
  </testcase> <!-- Login_Test -->
  <testcase classname="test_case.TestNGExample" name="Method1" time="0.0">
    <skipped/>
  </testcase> <!-- Method1 -->
  <testcase classname="test_case.TestNGExample" name="Method2" time="0.0">
    <skipped/>
  </testcase> <!-- Method2 -->
  <testcase classname="testng.Depends_Group_TestNG_Example" name="ReadMail" time="0.0">
    <skipped/>
  </testcase> <!-- ReadMail -->
  <testcase classname="testng.OnLineRetailsApps" name="login_test" time="0.0">
    <skipped/>
  </testcase> <!-- login_test -->
  <testcase classname="testng.Depends_Group_TestNG_Example" name="Login" time="0.0">
    <skipped/>
  </testcase> <!-- Login -->
  <testcase classname="testng.TestNG_Example" name="my_login" time="0.0">
    <skipped/>
  </testcase> <!-- my_login -->
  <testcase classname="testng.TestNG_Example" name="my_log" time="0.0">
    <skipped/>
  </testcase> <!-- my_log -->
  <testcase classname="testng.TestNG_Example" name="test" time="0.001">
    <skipped/>
  </testcase> <!-- test -->
  <testcase classname="testng.TestNG_Example_Annotations" name="test" time="0.0">
    <skipped/>
  </testcase> <!-- test -->
  <testcase classname="testng.TestNG_Example_Annotations" name="test1" time="0.0">
    <skipped/>
  </testcase> <!-- test1 -->
  <testcase classname="test_case.SimpleTestCase" name="testClcik" time="0.0">
    <skipped/>
  </testcase> <!-- testClcik -->
  <testcase classname="testng.TestNG_Example" name="test1" time="0.0">
    <skipped/>
  </testcase> <!-- test1 -->
  <testcase classname="testng.TestNG_Example" name="test3" time="0.0">
    <skipped/>
  </testcase> <!-- test3 -->
</testsuite> <!-- Test -->
