<?xml version="1.0" encoding="UTF-8"?>
<!-- Generated by org.testng.reporters.JUnitXMLReporter -->
<testsuite ignored="0" hostname="khadija" failures="0" tests="6" name="Default test" time="0.108" errors="0" timestamp="2023-05-07T21:45:32 IST">
  <testcase classname="testng.DataProiver_1" name="multipParaShowValue" time="0.011"/>
  <testcase classname="testng.DataProiver_1" name="multipParaShowValue" time="0.002"/>
  <testcase classname="testng.DataProiver_1" name="multipParaShowValue" time="0.0"/>
  <testcase classname="testng.DataProiver_1" name="showValue" time="0.0"/>
  <testcase classname="testng.DataProiver_1" name="showValue" time="0.001"/>
  <testcase classname="testng.DataProiver_1" name="showValue" time="0.001"/>
</testsuite> <!-- Default test -->
