<?xml version="1.0" encoding="UTF-8"?>
<!-- Generated by org.testng.reporters.JUnitXMLReporter -->
<testsuite ignored="0" hostname="khadija" failures="0" tests="3" name="Default test" time="0.089" errors="0" timestamp="2023-05-07T21:35:45 IST">
  <testcase classname="testng.DataProiver_1" name="showValue" time="0.008"/>
  <testcase classname="testng.DataProiver_1" name="showValue" time="0.002"/>
  <testcase classname="testng.DataProiver_1" name="showValue" time="0.001"/>
</testsuite> <!-- Default test -->
