<?xml version="1.0" encoding="UTF-8"?>
<testng-results ignored="0" total="6" passed="6" failed="0" skipped="0">
  <reporter-output>
  </reporter-output>
  <suite started-at="2023-05-07T21:45:32 IST" name="Default suite" finished-at="2023-05-07T21:45:32 IST" duration-ms="108">
    <groups>
    </groups>
    <test started-at="2023-05-07T21:45:32 IST" name="Default test" finished-at="2023-05-07T21:45:32 IST" duration-ms="108">
      <class name="testng.DataProiver_1">
        <test-method signature="multipParaShowValue(int,int,int)[pri:0, instance:testng.DataProiver_1@6892b3b6]" started-at="2023-05-07T21:45:32 IST" name="multipParaShowValue" data-provider="multi-data-provider" finished-at="2023-05-07T21:45:32 IST" duration-ms="11" status="PASS">
          <params>
            <param index="0">
              <value>
                <![CDATA[1]]>
              </value>
            </param>
            <param index="1">
              <value>
                <![CDATA[2]]>
              </value>
            </param>
            <param index="2">
              <value>
                <![CDATA[3]]>
              </value>
            </param>
          </params>
          <reporter-output>
          </reporter-output>
        </test-method> <!-- multipParaShowValue -->
        <test-method signature="multipParaShowValue(int,int,int)[pri:0, instance:testng.DataProiver_1@6892b3b6]" started-at="2023-05-07T21:45:32 IST" name="multipParaShowValue" data-provider="multi-data-provider" finished-at="2023-05-07T21:45:32 IST" duration-ms="2" status="PASS">
          <params>
            <param index="0">
              <value>
                <![CDATA[4]]>
              </value>
            </param>
            <param index="1">
              <value>
                <![CDATA[5]]>
              </value>
            </param>
            <param index="2">
              <value>
                <![CDATA[6]]>
              </value>
            </param>
          </params>
          <reporter-output>
          </reporter-output>
        </test-method> <!-- multipParaShowValue -->
        <test-method signature="multipParaShowValue(int,int,int)[pri:0, instance:testng.DataProiver_1@6892b3b6]" started-at="2023-05-07T21:45:32 IST" name="multipParaShowValue" data-provider="multi-data-provider" finished-at="2023-05-07T21:45:32 IST" duration-ms="0" status="PASS">
          <params>
            <param index="0">
              <value>
                <![CDATA[7]]>
              </value>
            </param>
            <param index="1">
              <value>
                <![CDATA[8]]>
              </value>
            </param>
            <param index="2">
              <value>
                <![CDATA[9]]>
              </value>
            </param>
          </params>
          <reporter-output>
          </reporter-output>
        </test-method> <!-- multipParaShowValue -->
        <test-method signature="showValue(java.lang.String)[pri:0, instance:testng.DataProiver_1@6892b3b6]" started-at="2023-05-07T21:45:32 IST" name="showValue" data-provider="data-provider" finished-at="2023-05-07T21:45:32 IST" duration-ms="0" status="PASS">
          <params>
            <param index="0">
              <value>
                <![CDATA[First Value]]>
              </value>
            </param>
          </params>
          <reporter-output>
          </reporter-output>
        </test-method> <!-- showValue -->
        <test-method signature="showValue(java.lang.String)[pri:0, instance:testng.DataProiver_1@6892b3b6]" started-at="2023-05-07T21:45:32 IST" name="showValue" data-provider="data-provider" finished-at="2023-05-07T21:45:32 IST" duration-ms="1" status="PASS">
          <params>
            <param index="0">
              <value>
                <![CDATA[Second Value]]>
              </value>
            </param>
          </params>
          <reporter-output>
          </reporter-output>
        </test-method> <!-- showValue -->
        <test-method signature="showValue(java.lang.String)[pri:0, instance:testng.DataProiver_1@6892b3b6]" started-at="2023-05-07T21:45:32 IST" name="showValue" data-provider="data-provider" finished-at="2023-05-07T21:45:32 IST" duration-ms="1" status="PASS">
          <params>
            <param index="0">
              <value>
                <![CDATA[Third value]]>
              </value>
            </param>
          </params>
          <reporter-output>
          </reporter-output>
        </test-method> <!-- showValue -->
      </class> <!-- testng.DataProiver_1 -->
    </test> <!-- Default test -->
  </suite> <!-- Default suite -->
</testng-results>
