<?xml version="1.0" encoding="UTF-8"?>
<testng-results ignored="0" total="3" passed="3" failed="0" skipped="0">
  <reporter-output>
  </reporter-output>
  <suite started-at="2023-05-07T21:35:45 IST" name="Default suite" finished-at="2023-05-07T21:35:45 IST" duration-ms="89">
    <groups>
    </groups>
    <test started-at="2023-05-07T21:35:45 IST" name="Default test" finished-at="2023-05-07T21:35:45 IST" duration-ms="89">
      <class name="testng.DataProiver_1">
        <test-method signature="showValue(java.lang.String)[pri:0, instance:testng.DataProiver_1@11392934]" started-at="2023-05-07T21:35:45 IST" name="showValue" data-provider="data-provider" finished-at="2023-05-07T21:35:45 IST" duration-ms="8" status="PASS">
          <params>
            <param index="0">
              <value>
                <![CDATA[First Value]]>
              </value>
            </param>
          </params>
          <reporter-output>
          </reporter-output>
        </test-method> <!-- showValue -->
        <test-method signature="showValue(java.lang.String)[pri:0, instance:testng.DataProiver_1@11392934]" started-at="2023-05-07T21:35:45 IST" name="showValue" data-provider="data-provider" finished-at="2023-05-07T21:35:45 IST" duration-ms="2" status="PASS">
          <params>
            <param index="0">
              <value>
                <![CDATA[Second Value]]>
              </value>
            </param>
          </params>
          <reporter-output>
          </reporter-output>
        </test-method> <!-- showValue -->
        <test-method signature="showValue(java.lang.String)[pri:0, instance:testng.DataProiver_1@11392934]" started-at="2023-05-07T21:35:45 IST" name="showValue" data-provider="data-provider" finished-at="2023-05-07T21:35:45 IST" duration-ms="1" status="PASS">
          <params>
            <param index="0">
              <value>
                <![CDATA[Third value]]>
              </value>
            </param>
          </params>
          <reporter-output>
          </reporter-output>
        </test-method> <!-- showValue -->
      </class> <!-- testng.DataProiver_1 -->
    </test> <!-- Default test -->
  </suite> <!-- Default suite -->
</testng-results>
